<?xml version="1.0" encoding="UTF-8"?>
<testsuite xmlns:xsi="http://www.w3.org/2001/XMLSchema-instance" xsi:noNamespaceSchemaLocation="https://maven.apache.org/surefire/maven-surefire-plugin/xsd/surefire-test-report.xsd" name="com.sprint0.nexus.service.WordServiceTest" time="0.62" tests="23" errors="0" skipped="0" failures="0">
  <properties>
[...]
</properties>
  <testcase name="testNextWord_ReturnsNextWord" classname="com.sprint0.nexus.service.WordServiceTest" time="0.07"/>
  <testcase name="testNextWord_WhenWordsLeft_ReturnsNonNull" classname="com.sprint0.nexus.service.WordServiceTest" time="0.052"/>
  <testcase name="testGetCurrentWord_ReturnsSameWord_WhenNotMoved" classname="com.sprint0.nexus.service.WordServiceTest" time="0.052"/>
  <testcase name="testGetCurrentWord_ReturnsWord" classname="com.sprint0.nexus.service.WordServiceTest" time="0.038"/>
  <testcase name="testGetCurrentWord_AfterReset_ReturnsFirstWord" classname="com.sprint0.nexus.service.WordServiceTest" time="0.031"/>
  <testcase name="testHasNextWord_WhenWordsExist_ReturnsTrue" classname="com.sprint0.nexus.service.WordServiceTest" time="0.032"/>
  <testcase name="testGetRandomWord_ReturnsValidWord" classname="com.sprint0.nexus.service.WordServiceTest" time="0.029"/>
  <testcase name="testNextWord_SequentialMove_ReturnsDifferentWords" classname="com.sprint0.nexus.service.WordServiceTest" time="0.019"/>
  <testcase name="testHasNextWord_ReturnsCorrectValue" classname="com.sprint0.nexus.service.WordServiceTest" time="0.024"/>
  <testcase name="testConstructor_LoadsWordLibrary" classname="com.sprint0.nexus.service.WordServiceTest" time="0.035"/>
  <testcase name="testGetTotalWordCount_ReturnsPositiveNumber" classname="com.sprint0.nexus.service.WordServiceTest" time="0.019"/>
  <testcase name="testGetRandomWord_Randomness[1]" classname="com.sprint0.nexus.service.WordServiceTest" time="0.018"/>
  <testcase name="testGetRandomWord_Randomness[2]" classname="com.sprint0.nexus.service.WordServiceTest" time="0.017"/>
  <testcase name="testGetRandomWord_Randomness[3]" classname="com.sprint0.nexus.service.WordServiceTest" time="0.018"/>
  <testcase name="testGetRandomWord_Randomness[4]" classname="com.sprint0.nexus.service.WordServiceTest" time="0.019"/>
  <testcase name="testGetRandomWord_Randomness[5]" classname="com.sprint0.nexus.service.WordServiceTest" time="0.024"/>
  <testcase name="testResetCurrentIndex_ResetsToZero" classname="com.sprint0.nexus.service.WordServiceTest" time="0.014"/>
  <testcase name="testGetTotalWordCount_MatchesLibrarySize" classname="com.sprint0.nexus.service.WordServiceTest" time="0.014"/>
  <testcase name="testGetRandomWord_AlwaysReturnsCompleteWord" classname="com.sprint0.nexus.service.WordServiceTest" time="0.014"/>
  <testcase name="testSequenceOrder_AfterReset_StartsFromBeginning" classname="com.sprint0.nexus.service.WordServiceTest" time="0.014"/>
  <testcase name="testGetWordLibrary_ReturnsNonNullList" classname="com.sprint0.nexus.service.WordServiceTest" time="0.014"/>
  <testcase name="testNextWord_WhenAtEnd_ReturnsNull" classname="com.sprint0.nexus.service.WordServiceTest" time="0.016"/>
  <testcase name="testResetCurrentIndex_WhenAlreadyAtZero_WorksFine" classname="com.sprint0.nexus.service.WordServiceTest" time="0.013"/>
</testsuite>